=== MULTIPLICACIÓN DE MATRICES CON OPENMP OPTIMIZADA ===
Tamaño de matriz: 1000x1000
Número de hilos: 4
Hilos disponibles: 4
Memoria inicial: 3688 kB

Memoria después de crear matrices: 15464 kB
Tiempo de generación de matrices: 4818.00 microsegundos
Memoria después de generar matrices: 15464 kB

--- ALGORITMO OPENMP SIMPLE ---
Tiempo de multiplicación OpenMP simple: 0.776694 segundos
Memoria durante multiplicación simple: 15464 kB

--- ALGORITMO OPENMP OPTIMIZADO ---
Tiempo de multiplicación OpenMP optimizada: 0.149264 segundos
Memoria durante multiplicación optimizada: 15464 kB

=== RESULTADOS DE BENCHMARK ===
Speedup: 5.20x
Eficiencia: 130.09%
Mejora de rendimiento: 80.8%
Memoria final: 15464 kB
=== PROGRAMA COMPLETADO EXITOSAMENTE ===
