=== MULTIPLICACIÓN DE MATRICES CON OPENMP OPTIMIZADA ===
Tamaño de matriz: 256x256
Número de hilos: 8
Hilos disponibles: 8
Memoria inicial: 3792 kB

Memoria después de crear matrices: 4560 kB
Tiempo de generación de matrices: 344.00 microsegundos
Memoria después de generar matrices: 4688 kB

--- ALGORITMO OPENMP SIMPLE ---
Tiempo de multiplicación OpenMP simple: 0.003690 segundos
Memoria durante multiplicación simple: 4816 kB

--- ALGORITMO OPENMP OPTIMIZADO ---
Tiempo de multiplicación OpenMP optimizada: 0.002599 segundos
Memoria durante multiplicación optimizada: 4816 kB

=== RESULTADOS DE BENCHMARK ===
Speedup: 1.42x
Eficiencia: 17.75%
Mejora de rendimiento: 29.6%
Memoria final: 4816 kB
=== PROGRAMA COMPLETADO EXITOSAMENTE ===
