=== MULTIPLICACIÓN DE MATRICES CON OPENMP OPTIMIZADA ===
Tamaño de matriz: 128x128
Número de hilos: 4
Hilos disponibles: 4
Memoria inicial: 3688 kB

Memoria después de crear matrices: 3944 kB
Tiempo de generación de matrices: 198.00 microsegundos
Memoria después de generar matrices: 3944 kB

--- ALGORITMO OPENMP SIMPLE ---
Tiempo de multiplicación OpenMP simple: 0.000578 segundos
Memoria durante multiplicación simple: 4072 kB

--- ALGORITMO OPENMP OPTIMIZADO ---
Tiempo de multiplicación OpenMP optimizada: 0.000505 segundos
Memoria durante multiplicación optimizada: 4072 kB

=== RESULTADOS DE BENCHMARK ===
Speedup: 1.14x
Eficiencia: 28.61%
Mejora de rendimiento: 12.6%
Memoria final: 4072 kB
=== PROGRAMA COMPLETADO EXITOSAMENTE ===
