=== MULTIPLICACIÓN DE MATRICES CON OPENMP OPTIMIZADA ===
Tamaño de matriz: 256x256
Número de hilos: 1
Hilos disponibles: 1
Memoria inicial: 3792 kB

Memoria después de crear matrices: 4560 kB
Tiempo de generación de matrices: 809.00 microsegundos
Memoria después de generar matrices: 4560 kB

--- ALGORITMO OPENMP SIMPLE ---
Tiempo de multiplicación OpenMP simple: 0.011599 segundos
Memoria durante multiplicación simple: 4688 kB

--- ALGORITMO OPENMP OPTIMIZADO ---
Tiempo de multiplicación OpenMP optimizada: 0.008843 segundos
Memoria durante multiplicación optimizada: 4688 kB

=== RESULTADOS DE BENCHMARK ===
Speedup: 1.31x
Eficiencia: 131.17%
Mejora de rendimiento: 23.8%
Memoria final: 4688 kB
=== PROGRAMA COMPLETADO EXITOSAMENTE ===
