=== MULTIPLICACIÓN DE MATRICES CON OPENMP OPTIMIZADA ===
Tamaño de matriz: 1000x1000
Número de hilos: 1
Hilos disponibles: 1
Memoria inicial: 3792 kB

Memoria después de crear matrices: 15568 kB
Tiempo de generación de matrices: 9057.00 microsegundos
Memoria después de generar matrices: 15568 kB

--- ALGORITMO OPENMP SIMPLE ---
Tiempo de multiplicación OpenMP simple: 1.629199 segundos
Memoria durante multiplicación simple: 15696 kB

--- ALGORITMO OPENMP OPTIMIZADO ---
Tiempo de multiplicación OpenMP optimizada: 0.604630 segundos
Memoria durante multiplicación optimizada: 15696 kB

=== RESULTADOS DE BENCHMARK ===
Speedup: 2.69x
Eficiencia: 269.45%
Mejora de rendimiento: 62.9%
Memoria final: 15696 kB
=== PROGRAMA COMPLETADO EXITOSAMENTE ===
