=== MULTIPLICACIÓN DE MATRICES CON OPENMP OPTIMIZADA ===
Tamaño de matriz: 1000x1000
Número de hilos: 2
Hilos disponibles: 2
Memoria inicial: 3792 kB

Memoria después de crear matrices: 15568 kB
Tiempo de generación de matrices: 5060.00 microsegundos
Memoria después de generar matrices: 15568 kB

--- ALGORITMO OPENMP SIMPLE ---
Tiempo de multiplicación OpenMP simple: 0.828069 segundos
Memoria durante multiplicación simple: 15696 kB

--- ALGORITMO OPENMP OPTIMIZADO ---
Tiempo de multiplicación OpenMP optimizada: 0.284384 segundos
Memoria durante multiplicación optimizada: 15696 kB

=== RESULTADOS DE BENCHMARK ===
Speedup: 2.91x
Eficiencia: 145.59%
Mejora de rendimiento: 65.7%
Memoria final: 15696 kB
=== PROGRAMA COMPLETADO EXITOSAMENTE ===
