=== MULTIPLICACIÓN DE MATRICES CON OPENMP OPTIMIZADA ===
Tamaño de matriz: 512x512
Número de hilos: 2
Hilos disponibles: 2
Memoria inicial: 3784 kB

Memoria después de crear matrices: 6856 kB
Tiempo de generación de matrices: 1411.00 microsegundos
Memoria después de generar matrices: 6984 kB

--- ALGORITMO OPENMP SIMPLE ---
Tiempo de multiplicación OpenMP simple: 0.061063 segundos
Memoria durante multiplicación simple: 7112 kB

--- ALGORITMO OPENMP OPTIMIZADO ---
Tiempo de multiplicación OpenMP optimizada: 0.036747 segundos
Memoria durante multiplicación optimizada: 7112 kB

=== RESULTADOS DE BENCHMARK ===
Speedup: 1.66x
Eficiencia: 83.09%
Mejora de rendimiento: 39.8%
Memoria final: 7112 kB
=== PROGRAMA COMPLETADO EXITOSAMENTE ===
