=== MULTIPLICACIÓN DE MATRICES CON OPENMP OPTIMIZADA ===
Tamaño de matriz: 128x128
Número de hilos: 2
Hilos disponibles: 2
Memoria inicial: 3792 kB

Memoria después de crear matrices: 4048 kB
Tiempo de generación de matrices: 140.00 microsegundos
Memoria después de generar matrices: 4048 kB

--- ALGORITMO OPENMP SIMPLE ---
Tiempo de multiplicación OpenMP simple: 0.000553 segundos
Memoria durante multiplicación simple: 4176 kB

--- ALGORITMO OPENMP OPTIMIZADO ---
Tiempo de multiplicación OpenMP optimizada: 0.000500 segundos
Memoria durante multiplicación optimizada: 4176 kB

=== RESULTADOS DE BENCHMARK ===
Speedup: 1.11x
Eficiencia: 55.29%
Mejora de rendimiento: 9.6%
Memoria final: 4176 kB
=== PROGRAMA COMPLETADO EXITOSAMENTE ===
